This file contains any messages produced by compilers while
running configure, to aid debugging if configure makes a mistake.

It was created by readline configure 4.3, which was
generated by GNU Autoconf 2.52.  Invocation command line was

  $ ./configure --prefix=/usr/local --cache-file=/dev/null --srcdir=.

## ---------- ##
## Platform.  ##
## ---------- ##

hostname = paul-fitting-desk
uname -m = x86_64
uname -r = 4.15.0-142-generic
uname -s = Linux
uname -v = #146~16.04.1-Ubuntu SMP Tue Apr 13 09:27:15 UTC 2021

/usr/bin/uname -p = unknown
/bin/uname -X     = unknown

/bin/arch              = unknown
/usr/bin/arch -k       = unknown
/usr/convex/getsysinfo = unknown
hostinfo               = unknown
/bin/machine           = unknown
/usr/bin/oslevel       = unknown
/bin/universe          = unknown

PATH = /usr/local/sbin:/usr/local/bin:/usr/sbin:/usr/bin:/sbin:/bin:/snap/bin

## ------------ ##
## Core tests.  ##
## ------------ ##

configure:969: PATH=".;."; conftest.sh
./configure: line 970: conftest.sh: command not found
configure:972: $? = 127
configure:1016: checking build system type
configure:1034: result: x86_64-unknown-linux-gnu
configure:1041: checking host system type
configure:1055: result: x86_64-unknown-linux-gnu
configure:1095: checking whether make sets ${MAKE}
configure:1115: result: yes
configure:1167: checking for gcc
configure:1182: found /usr/bin/gcc
configure:1190: result: gcc
configure:1418: checking for C compiler version
configure:1421: gcc --version </dev/null >&5
gcc (Ubuntu 5.4.0-6ubuntu1~16.04.12) 5.4.0 20160609
Copyright (C) 2015 Free Software Foundation, Inc.
This is free software; see the source for copying conditions.  There is NO
warranty; not even for MERCHANTABILITY or FITNESS FOR A PARTICULAR PURPOSE.

configure:1424: $? = 0
configure:1426: gcc -v </dev/null >&5
Using built-in specs.
COLLECT_GCC=gcc
COLLECT_LTO_WRAPPER=/usr/lib/gcc/x86_64-linux-gnu/5/lto-wrapper
Target: x86_64-linux-gnu
Configured with: ../src/configure -v --with-pkgversion='Ubuntu 5.4.0-6ubuntu1~16.04.12' --with-bugurl=file:///usr/share/doc/gcc-5/README.Bugs --enable-languages=c,ada,c++,java,go,d,fortran,objc,obj-c++ --prefix=/usr --program-suffix=-5 --enable-shared --enable-linker-build-id --libexecdir=/usr/lib --without-included-gettext --enable-threads=posix --libdir=/usr/lib --enable-nls --with-sysroot=/ --enable-clocale=gnu --enable-libstdcxx-debug --enable-libstdcxx-time=yes --with-default-libstdcxx-abi=new --enable-gnu-unique-object --disable-vtable-verify --enable-libmpx --enable-plugin --with-system-zlib --disable-browser-plugin --enable-java-awt=gtk --enable-gtk-cairo --with-java-home=/usr/lib/jvm/java-1.5.0-gcj-5-amd64/jre --enable-java-home --with-jvm-root-dir=/usr/lib/jvm/java-1.5.0-gcj-5-amd64 --with-jvm-jar-dir=/usr/lib/jvm-exports/java-1.5.0-gcj-5-amd64 --with-arch-directory=amd64 --with-ecj-jar=/usr/share/java/eclipse-ecj.jar --enable-objc-gc --enable-multiarch --disable-werror --with-arch-32=i686 --with-abi=m64 --with-multilib-list=m32,m64,mx32 --enable-multilib --with-tune=generic --enable-checking=release --build=x86_64-linux-gnu --host=x86_64-linux-gnu --target=x86_64-linux-gnu
Thread model: posix
gcc version 5.4.0 20160609 (Ubuntu 5.4.0-6ubuntu1~16.04.12) 
configure:1429: $? = 0
configure:1431: gcc -V </dev/null >&5
gcc: error: unrecognized command line option '-V'
gcc: fatal error: no input files
compilation terminated.
configure:1434: $? = 1
configure:1454: checking for C compiler default output
configure:1457: gcc -g   conftest.c  >&5
configure:1460: $? = 0
configure:1489: result: a.out
configure:1494: checking whether the C compiler works
configure:1500: ./a.out
configure:1503: $? = 0
configure:1518: result: yes
configure:1525: checking whether we are cross compiling
configure:1527: result: no
configure:1530: checking for executable suffix
configure:1532: gcc -o conftest -g   conftest.c  >&5
configure:1535: $? = 0
configure:1557: result: 
configure:1563: checking for object suffix
configure:1581: gcc -c -g  conftest.c >&5
configure:1584: $? = 0
configure:1603: result: o
configure:1607: checking whether we are using the GNU C compiler
configure:1628: gcc -c -g  conftest.c >&5
configure:1631: $? = 0
configure:1634: test -s conftest.o
configure:1637: $? = 0
configure:1649: result: yes
configure:1655: checking whether gcc accepts -g
configure:1673: gcc -c -g  conftest.c >&5
configure:1676: $? = 0
configure:1679: test -s conftest.o
configure:1682: $? = 0
configure:1692: result: yes
configure:1719: gcc -c -g  conftest.c >&5
conftest.c:2:3: error: unknown type name 'choke'
   choke me
   ^
conftest.c:2:3: error: expected '=', ',', ';', 'asm' or '__attribute__' at end of input
configure:1722: $? = 1
configure: failed program was:
#ifndef __cplusplus
  choke me
#endif
configure:1825: checking how to run the C preprocessor
configure:1851: gcc -E  conftest.c
configure:1857: $? = 0
configure:1884: gcc -E  conftest.c
configure:1881:28: fatal error: ac_nonexistent.h: No such file or directory
compilation terminated.
configure:1890: $? = 1
configure: failed program was:
#line 1880 "configure"
#include "confdefs.h"
#include <ac_nonexistent.h>
configure:1927: result: gcc -E
configure:1942: gcc -E  conftest.c
configure:1948: $? = 0
configure:1975: gcc -E  conftest.c
configure:1972:28: fatal error: ac_nonexistent.h: No such file or directory
compilation terminated.
configure:1981: $? = 1
configure: failed program was:
#line 1971 "configure"
#include "confdefs.h"
#include <ac_nonexistent.h>
configure:2020: checking for minix/config.h
configure:2030: gcc -E  conftest.c
configure:2027:26: fatal error: minix/config.h: No such file or directory
compilation terminated.
configure:2036: $? = 1
configure: failed program was:
#line 2026 "configure"
#include "confdefs.h"
#include <minix/config.h>
configure:2055: result: no
configure:2083: checking whether gcc needs -traditional
configure:2118: result: no
configure:2137: checking for a BSD compatible install
configure:2186: result: /usr/bin/install -c
configure:2199: checking for ar
configure:2214: found /usr/bin/ar
configure:2223: result: ar
configure:2269: checking for ranlib
configure:2284: found /usr/bin/ranlib
configure:2293: result: ranlib
configure:2307: checking for gcc option to accept ANSI C
configure:2364: gcc  -c -g -O  conftest.c >&5
configure:2367: $? = 0
configure:2370: test -s conftest.o
configure:2373: $? = 0
configure:2390: result: none needed
configure:2398: checking for an ANSI C-conforming const
configure:2462: gcc -c -g -O  conftest.c >&5
configure:2465: $? = 0
configure:2468: test -s conftest.o
configure:2471: $? = 0
configure:2481: result: yes
configure:2491: checking for function prototypes
configure:2494: result: yes
configure:2506: checking for ANSI C header files
configure:2520: gcc -E  conftest.c
configure:2526: $? = 0
configure:2613: gcc -o conftest -g -O   conftest.c  >&5
configure: In function 'main':
configure:2605:7: warning: implicit declaration of function 'exit' [-Wimplicit-function-declaration]
   for (i = 0; i < 256; i++)
       ^
configure:2605:7: warning: incompatible implicit declaration of built-in function 'exit'
configure:2605:7: note: include '<stdlib.h>' or provide a declaration of 'exit'
configure:2606:3: warning: incompatible implicit declaration of built-in function 'exit'
     if (XOR (islower (i), ISLOWER (i))
   ^
configure:2606:3: note: include '<stdlib.h>' or provide a declaration of 'exit'
configure:2616: $? = 0
configure:2618: ./conftest
configure:2621: $? = 0
configure:2634: result: yes
configure:2650: checking for sys/types.h
configure:2662: gcc -c -g -O  conftest.c >&5
configure:2665: $? = 0
configure:2668: test -s conftest.o
configure:2671: $? = 0
configure:2681: result: yes
configure:2650: checking for sys/stat.h
configure:2662: gcc -c -g -O  conftest.c >&5
configure:2665: $? = 0
configure:2668: test -s conftest.o
configure:2671: $? = 0
configure:2681: result: yes
configure:2650: checking for stdlib.h
configure:2662: gcc -c -g -O  conftest.c >&5
configure:2665: $? = 0
configure:2668: test -s conftest.o
configure:2671: $? = 0
configure:2681: result: yes
configure:2650: checking for string.h
configure:2662: gcc -c -g -O  conftest.c >&5
configure:2665: $? = 0
configure:2668: test -s conftest.o
configure:2671: $? = 0
configure:2681: result: yes
configure:2650: checking for memory.h
configure:2662: gcc -c -g -O  conftest.c >&5
configure:2665: $? = 0
configure:2668: test -s conftest.o
configure:2671: $? = 0
configure:2681: result: yes
configure:2650: checking for strings.h
configure:2662: gcc -c -g -O  conftest.c >&5
configure:2665: $? = 0
configure:2668: test -s conftest.o
configure:2671: $? = 0
configure:2681: result: yes
configure:2650: checking for inttypes.h
configure:2662: gcc -c -g -O  conftest.c >&5
configure:2665: $? = 0
configure:2668: test -s conftest.o
configure:2671: $? = 0
configure:2681: result: yes
configure:2650: checking for stdint.h
configure:2662: gcc -c -g -O  conftest.c >&5
configure:2665: $? = 0
configure:2668: test -s conftest.o
configure:2671: $? = 0
configure:2681: result: yes
configure:2650: checking for unistd.h
configure:2662: gcc -c -g -O  conftest.c >&5
configure:2665: $? = 0
configure:2668: test -s conftest.o
configure:2671: $? = 0
configure:2681: result: yes
configure:2691: checking whether char is unsigned
configure:2709: gcc -c -g -O  conftest.c >&5
configure:2712: $? = 0
configure:2715: test -s conftest.o
configure:2718: $? = 0
configure:2728: result: no
configure:2737: checking return type of signal handlers
configure:2765: gcc -c -g -O  conftest.c >&5
configure:2768: $? = 0
configure:2771: test -s conftest.o
configure:2774: $? = 0
configure:2784: result: void
configure:2791: checking for size_t
configure:2812: gcc -c -g -O  conftest.c >&5
configure:2815: $? = 0
configure:2818: test -s conftest.o
configure:2821: $? = 0
configure:2831: result: yes
configure:2843: checking for ssize_t
configure:2864: gcc -c -g -O  conftest.c >&5
configure:2867: $? = 0
configure:2870: test -s conftest.o
configure:2873: $? = 0
configure:2883: result: yes
configure:2895: checking whether stat file-mode macros are broken
configure:2940: result: no
configure:2953: checking for dirent.h that defines DIR
configure:2974: gcc -c -g -O  conftest.c >&5
configure:2977: $? = 0
configure:2980: test -s conftest.o
configure:2983: $? = 0
configure:2993: result: yes
configure:3006: checking for opendir in -ldir
configure:3033: gcc -o conftest -g -O   conftest.c -ldir   >&5
/usr/bin/ld: cannot find -ldir
collect2: error: ld returned 1 exit status
configure:3036: $? = 1
configure: failed program was:
#line 3014 "configure"
#include "confdefs.h"

/* Override any gcc2 internal prototype to avoid an error.  */
#ifdef __cplusplus
extern "C"
#endif
/* We use char because int might match the return type of a gcc2
   builtin and then its argument prototype would still apply.  */
char opendir ();
int
main ()
{
opendir ();
  ;
  return 0;
}
configure:3053: result: no
configure:3119: checking for lstat
configure:3156: gcc -o conftest -g -O   conftest.c  >&5
configure:3159: $? = 0
configure:3162: test -s conftest
configure:3165: $? = 0
configure:3175: result: yes
configure:3119: checking for memmove
configure:3156: gcc -o conftest -g -O   conftest.c  >&5
configure:3135:6: warning: conflicting types for built-in function 'memmove'
    builtin and then its argument prototype would still apply.  */
      ^
configure:3159: $? = 0
configure:3162: test -s conftest
configure:3165: $? = 0
configure:3175: result: yes
configure:3119: checking for putenv
configure:3156: gcc -o conftest -g -O   conftest.c  >&5
configure:3159: $? = 0
configure:3162: test -s conftest
configure:3165: $? = 0
configure:3175: result: yes
configure:3119: checking for select
configure:3156: gcc -o conftest -g -O   conftest.c  >&5
configure:3159: $? = 0
configure:3162: test -s conftest
configure:3165: $? = 0
configure:3175: result: yes
configure:3119: checking for setenv
configure:3156: gcc -o conftest -g -O   conftest.c  >&5
configure:3159: $? = 0
configure:3162: test -s conftest
configure:3165: $? = 0
configure:3175: result: yes
configure:3119: checking for setlocale
configure:3156: gcc -o conftest -g -O   conftest.c  >&5
configure:3159: $? = 0
configure:3162: test -s conftest
configure:3165: $? = 0
configure:3175: result: yes
configure:3119: checking for strcasecmp
configure:3156: gcc -o conftest -g -O   conftest.c  >&5
configure:3135:6: warning: conflicting types for built-in function 'strcasecmp'
    builtin and then its argument prototype would still apply.  */
      ^
configure:3159: $? = 0
configure:3162: test -s conftest
configure:3165: $? = 0
configure:3175: result: yes
configure:3119: checking for strpbrk
configure:3156: gcc -o conftest -g -O   conftest.c  >&5
configure:3135:6: warning: conflicting types for built-in function 'strpbrk'
    builtin and then its argument prototype would still apply.  */
      ^
configure:3159: $? = 0
configure:3162: test -s conftest
configure:3165: $? = 0
configure:3175: result: yes
configure:3119: checking for tcgetattr
configure:3156: gcc -o conftest -g -O   conftest.c  >&5
configure:3159: $? = 0
configure:3162: test -s conftest
configure:3165: $? = 0
configure:3175: result: yes
configure:3119: checking for vsnprintf
configure:3156: gcc -o conftest -g -O   conftest.c  >&5
configure:3135:6: warning: conflicting types for built-in function 'vsnprintf'
    builtin and then its argument prototype would still apply.  */
      ^
configure:3159: $? = 0
configure:3162: test -s conftest
configure:3165: $? = 0
configure:3175: result: yes
configure:3119: checking for isascii
configure:3156: gcc -o conftest -g -O   conftest.c  >&5
configure:3135:6: warning: conflicting types for built-in function 'isascii'
    builtin and then its argument prototype would still apply.  */
      ^
configure:3159: $? = 0
configure:3162: test -s conftest
configure:3165: $? = 0
configure:3175: result: yes
configure:3119: checking for isxdigit
configure:3156: gcc -o conftest -g -O   conftest.c  >&5
configure:3135:6: warning: conflicting types for built-in function 'isxdigit'
    builtin and then its argument prototype would still apply.  */
      ^
configure:3159: $? = 0
configure:3162: test -s conftest
configure:3165: $? = 0
configure:3175: result: yes
configure:3185: checking for working strcoll
configure:3208: gcc -o conftest -g -O   conftest.c  >&5
configure:3211: $? = 0
configure:3213: ./conftest
configure:3216: $? = 0
configure:3228: result: yes
configure:3243: checking for unistd.h
configure:3278: result: yes
configure:3243: checking for stdlib.h
configure:3278: result: yes
configure:3243: checking for varargs.h
configure:3253: gcc -E  conftest.c
In file included from configure:3250:0:
/usr/lib/gcc/x86_64-linux-gnu/5/include/varargs.h:4:2: error: #error "GCC no longer implements <varargs.h>."
 #error "GCC no longer implements <varargs.h>."
  ^
/usr/lib/gcc/x86_64-linux-gnu/5/include/varargs.h:5:2: error: #error "Revise your code to use <stdarg.h>."
 #error "Revise your code to use <stdarg.h>."
  ^
configure:3259: $? = 1
configure: failed program was:
#line 3249 "configure"
#include "confdefs.h"
#include <varargs.h>
configure:3278: result: no
configure:3243: checking for stdarg.h
configure:3253: gcc -E  conftest.c
configure:3259: $? = 0
configure:3278: result: yes
configure:3243: checking for string.h
configure:3278: result: yes
configure:3243: checking for strings.h
configure:3278: result: yes
configure:3243: checking for limits.h
configure:3253: gcc -E  conftest.c
configure:3259: $? = 0
configure:3278: result: yes
configure:3243: checking for sys/ptem.h
configure:3253: gcc -E  conftest.c
configure:3250:22: fatal error: sys/ptem.h: No such file or directory
compilation terminated.
configure:3259: $? = 1
configure: failed program was:
#line 3249 "configure"
#include "confdefs.h"
#include <sys/ptem.h>
configure:3278: result: no
configure:3243: checking for sys/pte.h
configure:3253: gcc -E  conftest.c
configure:3250:21: fatal error: sys/pte.h: No such file or directory
 #include "confdefs.h"
                     ^
compilation terminated.
configure:3259: $? = 1
configure: failed program was:
#line 3249 "configure"
#include "confdefs.h"
#include <sys/pte.h>
configure:3278: result: no
configure:3243: checking for sys/stream.h
configure:3253: gcc -E  conftest.c
configure:3250:24: fatal error: sys/stream.h: No such file or directory
compilation terminated.
configure:3259: $? = 1
configure: failed program was:
#line 3249 "configure"
#include "confdefs.h"
#include <sys/stream.h>
configure:3278: result: no
configure:3243: checking for sys/select.h
configure:3253: gcc -E  conftest.c
configure:3259: $? = 0
configure:3278: result: yes
configure:3243: checking for termcap.h
configure:3253: gcc -E  conftest.c
configure:3250:21: fatal error: termcap.h: No such file or directory
 #include "confdefs.h"
                     ^
compilation terminated.
configure:3259: $? = 1
configure: failed program was:
#line 3249 "configure"
#include "confdefs.h"
#include <termcap.h>
configure:3278: result: no
configure:3243: checking for termios.h
configure:3253: gcc -E  conftest.c
configure:3259: $? = 0
configure:3278: result: yes
configure:3243: checking for termio.h
configure:3253: gcc -E  conftest.c
configure:3259: $? = 0
configure:3278: result: yes
configure:3243: checking for sys/file.h
configure:3253: gcc -E  conftest.c
configure:3259: $? = 0
configure:3278: result: yes
configure:3243: checking for locale.h
configure:3253: gcc -E  conftest.c
configure:3259: $? = 0
configure:3278: result: yes
configure:3243: checking for memory.h
configure:3278: result: yes
configure:3288: checking for type of signal functions
configure:3313: gcc -o conftest -g -O   conftest.c  >&5
configure:3316: $? = 0
configure:3319: test -s conftest
configure:3322: $? = 0
configure:3408: result: posix
configure:3427: checking if signal handlers must be reinstalled when invoked
configure:3487: gcc -o conftest -g -O   conftest.c  >&5
configure:3475:1: warning: return type defaults to 'int' [-Wimplicit-int]
configure: In function 'main':
configure:3481:2: warning: implicit declaration of function 'exit' [-Wimplicit-function-declaration]
  kill((int)getpid(), SIGINT);
  ^
configure:3481:2: warning: incompatible implicit declaration of built-in function 'exit'
configure:3481:2: note: include '<stdlib.h>' or provide a declaration of 'exit'
configure:3490: $? = 0
configure:3492: ./conftest
configure:3495: $? = 0
configure:3508: result: no
configure:3517: checking for presence of POSIX-style sigsetjmp/siglongjmp
configure:3571: gcc -o conftest -g -O   conftest.c  >&5
configure:3538:1: warning: return type defaults to 'int' [-Wimplicit-int]
configure: In function 'main':
configure:3557:3: warning: implicit declaration of function 'exit' [-Wimplicit-function-declaration]
 if (code)
   ^
configure:3557:3: warning: incompatible implicit declaration of built-in function 'exit'
configure:3557:3: note: include '<stdlib.h>' or provide a declaration of 'exit'
configure:3565:1: warning: incompatible implicit declaration of built-in function 'exit'
 siglongjmp(xx, 10);
 ^
configure:3565:1: note: include '<stdlib.h>' or provide a declaration of 'exit'
configure:3574: $? = 0
configure:3576: ./conftest
configure:3579: $? = 0
configure:3592: result: present
configure:3601: checking for lstat
configure:3622: gcc -o conftest -g -O   conftest.c  >&5
configure: In function 'main':
configure:3615:20: warning: null argument where non-null required (argument 2) [-Wnonnull]
configure:3625: $? = 0
configure:3628: test -s conftest
configure:3631: $? = 0
configure:3641: result: yes
configure:3650: checking whether or not strcoll and strcmp differ
configure:3702: gcc -o conftest -g -O   conftest.c  >&5
configure:3669:1: warning: return type defaults to 'int' [-Wimplicit-int]
configure: In function 'main':
configure:3683:14: warning: implicit declaration of function 'strcoll' [-Wimplicit-function-declaration]
  /* These two values are taken from tests/glob-test. */
              ^
configure:3687:14: warning: implicit declaration of function 'strcmp' [-Wimplicit-function-declaration]
configure:3696:2: warning: implicit declaration of function 'exit' [-Wimplicit-function-declaration]
     in the default locale. */
  ^
configure:3696:2: warning: incompatible implicit declaration of built-in function 'exit'
configure:3696:2: note: include '<stdlib.h>' or provide a declaration of 'exit'
configure:3705: $? = 0
configure:3707: ./conftest
configure:3710: $? = 1
configure: program exited with status 1
configure: failed program was:
#line 3662 "configure"
#include "confdefs.h"

#include <stdio.h>
#if defined (HAVE_LOCALE_H)
#include <locale.h>
#endif

main(c, v)
int     c;
char    *v[];
{
        int     r1, r2;
        char    *deflocale, *defcoll;

#ifdef HAVE_SETLOCALE
        deflocale = setlocale(LC_ALL, "");
	defcoll = setlocale(LC_COLLATE, "");
#endif

#ifdef HAVE_STRCOLL
	/* These two values are taken from tests/glob-test. */
        r1 = strcoll("abd", "aXd");
#else
	r1 = 0;
#endif
        r2 = strcmp("abd", "aXd");

	/* These two should both be greater than 0.  It is permissible for
	   a system to return different values, as long as the sign is the
	   same. */

        /* Exit with 1 (failure) if these two values are both > 0, since
	   this tests whether strcoll(3) is broken with respect to strcmp(3)
	   in the default locale. */
	exit (r1 > 0 && r2 > 0);
}

configure:3723: result: no
configure:3732: checking whether getpw functions are declared in pwd.h
configure:3758: result: yes
configure:3767: checking POSIX termios
configure:3788: gcc -o conftest -g -O   conftest.c  >&5
configure:3791: $? = 0
configure:3794: test -s conftest
configure:3797: $? = 0
configure:3807: result: yes
configure:3811: checking whether termios.h defines TIOCGWINSZ
configure:3835: result: no
configure:3840: checking whether sys/ioctl.h defines TIOCGWINSZ
configure:3864: result: yes
configure:3876: checking whether signal handlers are of type void
configure:3902: gcc -c -g -O  conftest.c >&5
configure:3905: $? = 0
configure:3908: test -s conftest.o
configure:3911: $? = 0
configure:3921: result: yes
configure:3930: checking for TIOCSTAT in sys/ioctl.h
configure:3949: gcc -c -g -O  conftest.c >&5
configure: In function 'main':
configure:3942:9: error: 'TIOCSTAT' undeclared (first use in this function)
configure:3942:9: note: each undeclared identifier is reported only once for each function it appears in
configure:3952: $? = 1
configure: failed program was:
#line 3936 "configure"
#include "confdefs.h"
#include <sys/types.h>
#include <sys/ioctl.h>
int
main ()
{
int x = TIOCSTAT;
  ;
  return 0;
}
configure:3969: result: no
configure:3978: checking for FIONREAD in sys/ioctl.h
configure:3997: gcc -c -g -O  conftest.c >&5
configure:4000: $? = 0
configure:4003: test -s conftest.o
configure:4006: $? = 0
configure:4017: result: yes
configure:4026: checking for speed_t in sys/types.h
configure:4044: gcc -c -g -O  conftest.c >&5
configure: In function 'main':
configure:4037:1: error: unknown type name 'speed_t'
 {
 ^
configure:4047: $? = 1
configure: failed program was:
#line 4032 "configure"
#include "confdefs.h"
#include <sys/types.h>
int
main ()
{
speed_t x;
  ;
  return 0;
}
configure:4064: result: no
configure:4073: checking for struct winsize in sys/ioctl.h and termios.h
configure:4092: gcc -c -g -O  conftest.c >&5
configure:4095: $? = 0
configure:4098: test -s conftest.o
configure:4101: $? = 0
configure:4145: result: sys/ioctl.h
configure:4163: checking if struct dirent has a d_ino member
configure:4203: gcc -c -g -O  conftest.c >&5
configure:4206: $? = 0
configure:4209: test -s conftest.o
configure:4212: $? = 0
configure:4223: result: yes
configure:4232: checking if struct dirent has a d_fileno member
configure:4272: gcc -c -g -O  conftest.c >&5
configure:4275: $? = 0
configure:4278: test -s conftest.o
configure:4281: $? = 0
configure:4292: result: yes
configure:4315: checking for tgetent in -ltermcap
configure:4342: gcc -o conftest -g -O   conftest.c -ltermcap   >&5
/usr/bin/ld: cannot find -ltermcap
collect2: error: ld returned 1 exit status
configure:4345: $? = 1
configure: failed program was:
#line 4323 "configure"
#include "confdefs.h"

/* Override any gcc2 internal prototype to avoid an error.  */
#ifdef __cplusplus
extern "C"
#endif
/* We use char because int might match the return type of a gcc2
   builtin and then its argument prototype would still apply.  */
char tgetent ();
int
main ()
{
tgetent ();
  ;
  return 0;
}
configure:4362: result: no
configure:4367: checking for tgetent in -ltinfo
configure:4394: gcc -o conftest -g -O   conftest.c -ltinfo   >&5
/usr/bin/ld: cannot find -ltinfo
collect2: error: ld returned 1 exit status
configure:4397: $? = 1
configure: failed program was:
#line 4375 "configure"
#include "confdefs.h"

/* Override any gcc2 internal prototype to avoid an error.  */
#ifdef __cplusplus
extern "C"
#endif
/* We use char because int might match the return type of a gcc2
   builtin and then its argument prototype would still apply.  */
char tgetent ();
int
main ()
{
tgetent ();
  ;
  return 0;
}
configure:4414: result: no
configure:4419: checking for tgetent in -lcurses
configure:4446: gcc -o conftest -g -O   conftest.c -lcurses   >&5
/usr/bin/ld: cannot find -lcurses
collect2: error: ld returned 1 exit status
configure:4449: $? = 1
configure: failed program was:
#line 4427 "configure"
#include "confdefs.h"

/* Override any gcc2 internal prototype to avoid an error.  */
#ifdef __cplusplus
extern "C"
#endif
/* We use char because int might match the return type of a gcc2
   builtin and then its argument prototype would still apply.  */
char tgetent ();
int
main ()
{
tgetent ();
  ;
  return 0;
}
configure:4466: result: no
configure:4471: checking for tgetent in -lncurses
configure:4498: gcc -o conftest -g -O   conftest.c -lncurses   >&5
/usr/bin/ld: cannot find -lncurses
collect2: error: ld returned 1 exit status
configure:4501: $? = 1
configure: failed program was:
#line 4479 "configure"
#include "confdefs.h"

/* Override any gcc2 internal prototype to avoid an error.  */
#ifdef __cplusplus
extern "C"
#endif
/* We use char because int might match the return type of a gcc2
   builtin and then its argument prototype would still apply.  */
char tgetent ();
int
main ()
{
tgetent ();
  ;
  return 0;
}
configure:4518: result: no
configure:4535: checking which library has the termcap functions
configure:4538: result: using gnutermcap
configure:4569: checking for wctype.h
configure:4579: gcc -E  conftest.c
configure:4585: $? = 0
configure:4604: result: yes
configure:4617: checking for wchar.h
configure:4627: gcc -E  conftest.c
configure:4633: $? = 0
configure:4652: result: yes
configure:4665: checking for langinfo.h
configure:4675: gcc -E  conftest.c
configure:4681: $? = 0
configure:4700: result: yes
configure:4710: checking for mbsrtowcs
configure:4747: gcc -o conftest -g -O   -L./lib/termcap conftest.c  >&5
configure:4750: $? = 0
configure:4753: test -s conftest
configure:4756: $? = 0
configure:4766: result: yes
configure:4775: checking for wcwidth
configure:4812: gcc -o conftest -g -O   -L./lib/termcap conftest.c  >&5
configure:4815: $? = 0
configure:4818: test -s conftest
configure:4821: $? = 0
configure:4831: result: yes
configure:4840: checking for mbstate_t
configure:4863: gcc -o conftest -g -O   -L./lib/termcap conftest.c  >&5
configure:4866: $? = 0
configure:4868: ./conftest
configure:4871: $? = 0
configure:4883: result: yes
configure:4892: checking for nl_langinfo and CODESET
configure:4910: gcc -o conftest -g -O   -L./lib/termcap conftest.c  >&5
configure:4913: $? = 0
configure:4916: test -s conftest
configure:4919: $? = 0
configure:4929: result: yes
configure:4953: checking configuration for building shared libraries
configure:4957: result: supported
configure:5068: creating ./config.status

## ----------------------- ##
## Running config.status.  ##
## ----------------------- ##

This file was extended by config.status (readline 4.3) 2.52, executed with
  CONFIG_FILES    = 
  CONFIG_HEADERS  = 
  CONFIG_LINKS    = 
  CONFIG_COMMANDS = 
  > ./config.status 
on paul-fitting-desk

config.status:5549: creating Makefile
config.status:5549: creating doc/Makefile
config.status:5549: creating examples/Makefile
config.status:5549: creating shlib/Makefile
config.status:5641: creating config.h

## ----------------- ##
## Cache variables.  ##
## ----------------- ##

ac_cv_build=x86_64-unknown-linux-gnu
ac_cv_build_alias=x86_64-unknown-linux-gnu
ac_cv_c_char_unsigned=no
ac_cv_c_compiler_gnu=yes
ac_cv_c_const=yes
ac_cv_env_CC_set=
ac_cv_env_CC_value=
ac_cv_env_CFLAGS_set=
ac_cv_env_CFLAGS_value=
ac_cv_env_CPPFLAGS_set=
ac_cv_env_CPPFLAGS_value=
ac_cv_env_CPP_set=
ac_cv_env_CPP_value=
ac_cv_env_LDFLAGS_set=
ac_cv_env_LDFLAGS_value=
ac_cv_env_build_alias_set=
ac_cv_env_build_alias_value=
ac_cv_env_host_alias_set=
ac_cv_env_host_alias_value=
ac_cv_env_target_alias_set=
ac_cv_env_target_alias_value=
ac_cv_func_isascii=yes
ac_cv_func_isxdigit=yes
ac_cv_func_lstat=yes
ac_cv_func_mbsrtowcs=yes
ac_cv_func_memmove=yes
ac_cv_func_putenv=yes
ac_cv_func_select=yes
ac_cv_func_setenv=yes
ac_cv_func_setlocale=yes
ac_cv_func_strcasecmp=yes
ac_cv_func_strcoll_works=yes
ac_cv_func_strpbrk=yes
ac_cv_func_tcgetattr=yes
ac_cv_func_vsnprintf=yes
ac_cv_func_wcwidth=yes
ac_cv_header_dirent_dirent_h=yes
ac_cv_header_inttypes_h=yes
ac_cv_header_langinfo_h=yes
ac_cv_header_limits_h=yes
ac_cv_header_locale_h=yes
ac_cv_header_memory_h=yes
ac_cv_header_minix_config_h=no
ac_cv_header_stat_broken=no
ac_cv_header_stdarg_h=yes
ac_cv_header_stdc=yes
ac_cv_header_stdint_h=yes
ac_cv_header_stdlib_h=yes
ac_cv_header_string_h=yes
ac_cv_header_strings_h=yes
ac_cv_header_sys_file_h=yes
ac_cv_header_sys_pte_h=no
ac_cv_header_sys_ptem_h=no
ac_cv_header_sys_select_h=yes
ac_cv_header_sys_stat_h=yes
ac_cv_header_sys_stream_h=no
ac_cv_header_sys_types_h=yes
ac_cv_header_termcap_h=no
ac_cv_header_termio_h=yes
ac_cv_header_termios_h=yes
ac_cv_header_unistd_h=yes
ac_cv_header_varargs_h=no
ac_cv_header_wchar_h=yes
ac_cv_header_wctype_h=yes
ac_cv_host=x86_64-unknown-linux-gnu
ac_cv_host_alias=x86_64-unknown-linux-gnu
ac_cv_lib_curses_tgetent=no
ac_cv_lib_dir_opendir=no
ac_cv_lib_ncurses_tgetent=no
ac_cv_lib_termcap_tgetent=no
ac_cv_lib_tinfo_tgetent=no
ac_cv_objext=o
ac_cv_path_install='/usr/bin/install -c'
ac_cv_prog_AR=ar
ac_cv_prog_CPP='gcc -E'
ac_cv_prog_ac_ct_CC=gcc
ac_cv_prog_ac_ct_RANLIB=ranlib
ac_cv_prog_cc_g=yes
ac_cv_prog_cc_stdc=
ac_cv_prog_gcc_traditional=no
ac_cv_prog_make_make_set=yes
ac_cv_sys_posix_termios=yes
ac_cv_sys_tiocgwinsz_in_sys_ioctl_h=yes
ac_cv_sys_tiocgwinsz_in_termios_h=no
ac_cv_type_signal=void
ac_cv_type_size_t=yes
ac_cv_type_ssize_t=yes
bash_cv_dirent_has_d_fileno=yes
bash_cv_dirent_has_dino=yes
bash_cv_fionread_in_ioctl=yes
bash_cv_func_lstat=yes
bash_cv_func_sigsetjmp=present
bash_cv_func_strcoll_broken=no
bash_cv_getpw_declared=yes
bash_cv_have_mbstate_t=yes
bash_cv_langinfo_codeset=yes
bash_cv_must_reinstall_sighandlers=no
bash_cv_signal_vintage=posix
bash_cv_speed_t_in_sys_types=no
bash_cv_struct_winsize_header=ioctl_h
bash_cv_termcap_lib=gnutermcap
bash_cv_tiocstat_in_ioctl=no
bash_cv_void_sighandler=yes

## ------------ ##
## confdefs.h.  ##
## ------------ ##

#define PROTOTYPES 1
#define STDC_HEADERS 1
#define HAVE_SYS_TYPES_H 1
#define HAVE_SYS_STAT_H 1
#define HAVE_STDLIB_H 1
#define HAVE_STRING_H 1
#define HAVE_MEMORY_H 1
#define HAVE_STRINGS_H 1
#define HAVE_INTTYPES_H 1
#define HAVE_STDINT_H 1
#define HAVE_UNISTD_H 1
#define RETSIGTYPE void
#define HAVE_DIRENT_H 1
#define HAVE_LSTAT 1
#define HAVE_MEMMOVE 1
#define HAVE_PUTENV 1
#define HAVE_SELECT 1
#define HAVE_SETENV 1
#define HAVE_SETLOCALE 1
#define HAVE_STRCASECMP 1
#define HAVE_STRPBRK 1
#define HAVE_TCGETATTR 1
#define HAVE_VSNPRINTF 1
#define HAVE_ISASCII 1
#define HAVE_ISXDIGIT 1
#define HAVE_STRCOLL 1
#define HAVE_UNISTD_H 1
#define HAVE_STDLIB_H 1
#define HAVE_STDARG_H 1
#define HAVE_STRING_H 1
#define HAVE_STRINGS_H 1
#define HAVE_LIMITS_H 1
#define HAVE_SYS_SELECT_H 1
#define HAVE_TERMIOS_H 1
#define HAVE_TERMIO_H 1
#define HAVE_SYS_FILE_H 1
#define HAVE_LOCALE_H 1
#define HAVE_MEMORY_H 1
#define HAVE_POSIX_SIGNALS 1
#define HAVE_POSIX_SIGSETJMP 1
#define HAVE_LSTAT 1
#define HAVE_GETPW_DECLS 1
#define GWINSZ_IN_SYS_IOCTL 1
#define VOID_SIGHANDLER 1
#define FIONREAD_IN_SYS_IOCTL 1
#define STRUCT_WINSIZE_IN_SYS_IOCTL 1
#define STRUCT_DIRENT_HAS_D_INO 1
#define STRUCT_DIRENT_HAS_D_FILENO 1
#define HAVE_WCTYPE_H 1
#define HAVE_WCHAR_H 1
#define HAVE_LANGINFO_H 1
#define HAVE_MBSRTOWCS 1
#define HAVE_WCWIDTH 1
#define HAVE_MBSTATE_T 1
#define HAVE_LANGINFO_CODESET 1


configure: exit 0
